Determining size of off64_t failed with the following output:
Change Dir: C:/dev/engine/csc3204/lib/assimp/build/CMakeFiles/CMakeTmp

Run Build Command:c:\PROGRA~2\MICROS~2.0\Common7\IDE\devenv.com CMAKE_TRY_COMPILE.sln /build Debug /project cmTryCompileExec3464447234

Microsoft (R) Visual Studio Version 10.0.30319.1.
Copyright (C) Microsoft Corp. All rights reserved.
1>------ Build started: Project: cmTryCompileExec3464447234, Configuration: Debug Win32 ------
1>Build started 16/05/2013 13:00:16.
1>PrepareForBuild:
1>  Creating directory "C:\dev\engine\csc3204\lib\assimp\build\CMakeFiles\CMakeTmp\Debug\".
1>InitializeBuildStatus:
1>  Creating "cmTryCompileExec3464447234.dir\Debug\cmTryCompileExec3464447234.unsuccessfulbuild" because "AlwaysCreate" was specified.
1>ClCompile:
1>  Microsoft (R) 32-bit C/C++ Optimizing Compiler Version 16.00.30319.01 for 80x86
1>  Copyright (C) Microsoft Corporation.  All rights reserved.
1>  
1>  cl /c /Zi /W3 /WX- /Od /Ob0 /Oy- /D WIN32 /D _WINDOWS /D _DEBUG /D _LARGEFILE64_SOURCE=1 /D HAVE_SYS_TYPES_H /D HAVE_STDINT_H /D HAVE_STDDEF_H /D "CMAKE_INTDIR=\"Debug\"" /D _MBCS /Gm- /RTC1 /MDd /GS /fp:precise /Zc:wchar_t /Zc:forScope /Fo"cmTryCompileExec3464447234.dir\Debug\\" /Fd"C:/dev/engine/csc3204/lib/assimp/build/CMakeFiles/CMakeTmp/Debug/cmTryCompileExec3464447234.pdb" /Gd /TC /analyze- /errorReport:prompt ..\CheckTypeSize\OFF64_T.c  /Zm1000 
1>  
1>  OFF64_T.c
1>..\CheckTypeSize\OFF64_T.c(19): error C2065: 'off64_t' : undeclared identifier
1>..\CheckTypeSize\OFF64_T.c(20): error C2065: 'off64_t' : undeclared identifier
1>..\CheckTypeSize\OFF64_T.c(21): error C2065: 'off64_t' : undeclared identifier
1>..\CheckTypeSize\OFF64_T.c(22): error C2065: 'off64_t' : undeclared identifier
1>..\CheckTypeSize\OFF64_T.c(23): error C2065: 'off64_t' : undeclared identifier
1>
1>Build FAILED.
1>
1>Time Elapsed 00:00:00.05
========== Build: 0 succeeded, 1 failed, 0 up-to-date, 0 skipped ==========

C:/dev/engine/csc3204/lib/assimp/build/CMakeFiles/CheckTypeSize/OFF64_T.c:
#include <sys/types.h>
#include <stdint.h>
#include <stddef.h>


#undef KEY
#if defined(__i386)
# define KEY '_','_','i','3','8','6'
#elif defined(__x86_64)
# define KEY '_','_','x','8','6','_','6','4'
#elif defined(__ppc__)
# define KEY '_','_','p','p','c','_','_'
#elif defined(__ppc64__)
# define KEY '_','_','p','p','c','6','4','_','_'
#endif

#define SIZE (sizeof(off64_t))
char info_size[] =  {'I', 'N', 'F', 'O', ':', 's','i','z','e','[',
  ('0' + ((SIZE / 10000)%10)),
  ('0' + ((SIZE / 1000)%10)),
  ('0' + ((SIZE / 100)%10)),
  ('0' + ((SIZE / 10)%10)),
  ('0' +  (SIZE    % 10)),
  ']',
#ifdef KEY
  ' ','k','e','y','[', KEY, ']',
#endif
  '\0'};

#ifdef __CLASSIC_C__
int main(argc, argv) int argc; char *argv[];
#else
int main(int argc, char *argv[])
#endif
{
  int require = 0;
  require += info_size[argc];
  (void)argv;
  return require;
}


Determining if the function fseeko exists failed with the following output:
Change Dir: C:/dev/engine/csc3204/lib/assimp/build/CMakeFiles/CMakeTmp

Run Build Command:c:\PROGRA~2\MICROS~2.0\Common7\IDE\devenv.com CMAKE_TRY_COMPILE.sln /build Debug /project cmTryCompileExec1114516134

Microsoft (R) Visual Studio Version 10.0.30319.1.
Copyright (C) Microsoft Corp. All rights reserved.
1>------ Build started: Project: cmTryCompileExec1114516134, Configuration: Debug Win32 ------
1>Build started 16/05/2013 13:00:17.
1>PrepareForBuild:
1>  Creating directory "C:\dev\engine\csc3204\lib\assimp\build\CMakeFiles\CMakeTmp\Debug\".
1>InitializeBuildStatus:
1>  Creating "cmTryCompileExec1114516134.dir\Debug\cmTryCompileExec1114516134.unsuccessfulbuild" because "AlwaysCreate" was specified.
1>ClCompile:
1>  Microsoft (R) 32-bit C/C++ Optimizing Compiler Version 16.00.30319.01 for 80x86
1>  Copyright (C) Microsoft Corporation.  All rights reserved.
1>  
1>  cl /c /Zi /W3 /WX- /Od /Ob0 /Oy- /D WIN32 /D _WINDOWS /D CHECK_FUNCTION_EXISTS=fseeko /D _DEBUG /D "CMAKE_INTDIR=\"Debug\"" /D _MBCS /Gm- /RTC1 /MDd /GS /fp:precise /Zc:wchar_t /Zc:forScope /Fo"cmTryCompileExec1114516134.dir\Debug\\" /Fd"C:/dev/engine/csc3204/lib/assimp/build/CMakeFiles/CMakeTmp/Debug/cmTryCompileExec1114516134.pdb" /Gd /TC /analyze- /errorReport:prompt "..\..\..\..\..\..\..\..\Program Files (x86)\CMake 2.8\share\cmake-2.8\Modules\CheckFunctionExists.c"  /Zm1000 
1>  
1>  CheckFunctionExists.c
1>CheckFunctionExists.obj : error LNK2019: unresolved external symbol _fseeko referenced in function _main
1>C:\dev\engine\csc3204\lib\assimp\build\CMakeFiles\CMakeTmp\Debug\cmTryCompileExec1114516134.exe : fatal error LNK1120: 1 unresolved externals
1>
1>Build FAILED.
1>
1>Time Elapsed 00:00:00.13
========== Build: 0 succeeded, 1 failed, 0 up-to-date, 0 skipped ==========


Determining if the include file unistd.h exists failed with the following output:
Change Dir: C:/dev/engine/csc3204/lib/assimp/build/CMakeFiles/CMakeTmp

Run Build Command:c:\PROGRA~2\MICROS~2.0\Common7\IDE\devenv.com CMAKE_TRY_COMPILE.sln /build Debug /project cmTryCompileExec4019667146

Microsoft (R) Visual Studio Version 10.0.30319.1.
Copyright (C) Microsoft Corp. All rights reserved.
1>------ Build started: Project: cmTryCompileExec4019667146, Configuration: Debug Win32 ------
1>Build started 16/05/2013 13:00:19.
1>PrepareForBuild:
1>  Creating directory "C:\dev\engine\csc3204\lib\assimp\build\CMakeFiles\CMakeTmp\Debug\".
1>InitializeBuildStatus:
1>  Creating "cmTryCompileExec4019667146.dir\Debug\cmTryCompileExec4019667146.unsuccessfulbuild" because "AlwaysCreate" was specified.
1>ClCompile:
1>  Microsoft (R) 32-bit C/C++ Optimizing Compiler Version 16.00.30319.01 for 80x86
1>  Copyright (C) Microsoft Corporation.  All rights reserved.
1>  
1>  cl /c /Zi /W3 /WX- /Od /Ob0 /Oy- /D WIN32 /D _WINDOWS /D _DEBUG /D "CMAKE_INTDIR=\"Debug\"" /D _MBCS /Gm- /RTC1 /MDd /GS /fp:precise /Zc:wchar_t /Zc:forScope /Fo"cmTryCompileExec4019667146.dir\Debug\\" /Fd"C:/dev/engine/csc3204/lib/assimp/build/CMakeFiles/CMakeTmp/Debug/cmTryCompileExec4019667146.pdb" /Gd /TC /analyze- /errorReport:prompt CheckIncludeFile.c  /Zm1000 
1>  
1>  CheckIncludeFile.c
1>CheckIncludeFile.c(1): fatal error C1083: Cannot open include file: 'unistd.h': No such file or directory
1>
1>Build FAILED.
1>
1>Time Elapsed 00:00:00.05
========== Build: 0 succeeded, 1 failed, 0 up-to-date, 0 skipped ==========


